<?xml version="1.0" encoding="UTF-8"?>
<!-- Generated by org.testng.reporters.JUnitReportReporter -->
<testsuite hostname="DESKTOP-1B1BE1O" failures="0" tests="1" name="testScript.LogoutTest" time="5.265" errors="0" timestamp="2025-09-08T16:15:37 IST" skipped="0">
  <testcase classname="testScript.LogoutTest" name="logoutFromLoginPageTest" time="5.265"/>
</testsuite> <!-- testScript.LogoutTest -->
