<?xml version="1.0" encoding="UTF-8"?>
<!-- Generated by org.testng.reporters.JUnitReportReporter -->
<testsuite hostname="DESKTOP-1B1BE1O" failures="0" tests="2" name="testScript.ManageNewsTest" time="15.135" errors="0" timestamp="2025-09-08T16:15:37 IST" skipped="0">
  <testcase classname="testScript.ManageNewsTest" name="postANewsInManageNewsTest" time="7.498"/>
  <testcase classname="testScript.ManageNewsTest" name="updateANewsInManageNewsTest" time="7.637"/>
</testsuite> <!-- testScript.ManageNewsTest -->
