<?xml version="1.0" encoding="UTF-8"?>
<!-- Generated by org.testng.reporters.JUnitReportReporter -->
<testsuite hostname="DESKTOP-1B1BE1O" failures="0" tests="4" name="testScript.LoginTest" time="16.536" errors="0" timestamp="2025-08-27T23:23:09 IST" skipped="0">
  <testcase classname="testScript.LoginTest" name="validUsernameAndPassword" time="4.917"/>
  <testcase classname="testScript.LoginTest" name="validUsernameInvalidPassword" time="3.788"/>
  <testcase classname="testScript.LoginTest" name="invalidUsernameValidPassword" time="3.212"/>
  <testcase classname="testScript.LoginTest" name="invalidUsernameAnddPassword" time="4.619"/>
</testsuite> <!-- testScript.LoginTest -->
