<?xml version="1.0" encoding="UTF-8"?>
<!-- Generated by org.testng.reporters.JUnitReportReporter -->
<testsuite hostname="DESKTOP-1B1BE1O" failures="0" tests="1" name="testScript.ManageContactTest" time="9.028" errors="0" timestamp="2025-08-30T17:29:24 IST" skipped="0">
  <testcase classname="testScript.ManageContactTest" name="updateContactInfo" time="9.028"/>
</testsuite> <!-- testScript.ManageContactTest -->
