<?xml version="1.0" encoding="UTF-8"?>
<!-- Generated by org.testng.reporters.JUnitReportReporter -->
<testsuite hostname="DESKTOP-1B1BE1O" failures="0" tests="1" name="testScript.ManageCategoryTest" time="8.898" errors="0" timestamp="2025-08-31T15:06:00 IST" skipped="0">
  <testcase classname="testScript.ManageCategoryTest" name="addNewCategory" time="8.898"/>
</testsuite> <!-- testScript.ManageCategoryTest -->
