<?xml version="1.0" encoding="UTF-8"?>
<!-- Generated by org.testng.reporters.JUnitReportReporter -->
<testsuite hostname="DESKTOP-1B1BE1O" failures="0" tests="4" name="testScript.LoginTest" time="20.227" errors="0" timestamp="2025-08-27T21:39:42 IST" skipped="0">
  <testcase classname="testScript.LoginTest" name="validUsernameAndPassword" time="5.502"/>
  <testcase classname="testScript.LoginTest" name="validUsernameInvalidPassword" time="4.211"/>
  <testcase classname="testScript.LoginTest" name="invalidUsernameValidPassword" time="6.653"/>
  <testcase classname="testScript.LoginTest" name="invalidUsernameAnddPassword" time="3.861"/>
</testsuite> <!-- testScript.LoginTest -->
