<?xml version="1.0" encoding="UTF-8"?>
<!-- Generated by org.testng.reporters.JUnitReportReporter -->
<testsuite hostname="DESKTOP-1B1BE1O" failures="0" tests="2" name="testScript.ManageNewsTest" time="21.975" errors="0" timestamp="2025-08-27T23:22:34 IST" skipped="0">
  <testcase classname="testScript.ManageNewsTest" name="postNewsTest" time="10.352"/>
  <testcase classname="testScript.ManageNewsTest" name="editNewsTest" time="11.623"/>
</testsuite> <!-- testScript.ManageNewsTest -->
