<?xml version="1.0" encoding="UTF-8"?>
<!-- Generated by org.testng.reporters.JUnitReportReporter -->
<testsuite hostname="DESKTOP-1B1BE1O" failures="0" tests="4" name="testScript.LoginTest" time="16.714" errors="0" timestamp="2025-09-08T16:12:04 IST" skipped="0">
  <testcase classname="testScript.LoginTest" name="verificationOfLoginWithValidUsernameAndPasswordTest" time="5.076"/>
  <testcase classname="testScript.LoginTest" name="verificationOfLoginWithValidUsernameAndInvalidPasswordTest" time="3.520"/>
  <testcase classname="testScript.LoginTest" name="verificationOfLoginWithInvalidUsernameAndValidPasswordTest" time="4.796"/>
  <testcase classname="testScript.LoginTest" name="verificationOfLoginWithInvalidUsernameAnddPasswordTest" time="3.322"/>
</testsuite> <!-- testScript.LoginTest -->
