<?xml version="1.0" encoding="UTF-8"?>
<!-- Generated by org.testng.reporters.JUnitReportReporter -->
<testsuite hostname="DESKTOP-1B1BE1O" failures="0" tests="1" name="testScript.ManageFooterTextTest" time="11.000" errors="0" timestamp="2025-08-31T12:34:56 IST" skipped="0">
  <testcase classname="testScript.ManageFooterTextTest" name="editFooterText" time="11.000"/>
</testsuite> <!-- testScript.ManageFooterTextTest -->
