<?xml version="1.0" encoding="UTF-8"?>
<!-- Generated by org.testng.reporters.JUnitReportReporter -->
<testsuite hostname="DESKTOP-1B1BE1O" failures="0" tests="1" name="testScript.ManageFooterTextTest" time="7.992" errors="0" timestamp="2025-09-08T16:15:37 IST" skipped="0">
  <testcase classname="testScript.ManageFooterTextTest" name="editFooterTextInManageFooterText" time="7.992"/>
</testsuite> <!-- testScript.ManageFooterTextTest -->
