<?xml version="1.0" encoding="UTF-8"?>
<!-- Generated by org.testng.reporters.JUnitReportReporter -->
<testsuite hostname="DESKTOP-1B1BE1O" failures="0" tests="1" name="testScript.ManageNewsTest" time="8.096" errors="0" timestamp="2025-08-27T19:45:59 IST" skipped="0">
  <testcase classname="testScript.ManageNewsTest" name="editNewsTest" time="8.096"/>
</testsuite> <!-- testScript.ManageNewsTest -->
