<?xml version="1.0" encoding="UTF-8"?>
<!-- Generated by org.testng.reporters.JUnitReportReporter -->
<testsuite hostname="DESKTOP-1B1BE1O" failures="0" tests="1" name="testScript.ManageCategoryTest" time="10.883" errors="0" timestamp="2025-09-01T07:58:25 IST" skipped="0">
  <testcase classname="testScript.ManageCategoryTest" name="editImage" time="10.883"/>
</testsuite> <!-- testScript.ManageCategoryTest -->
