<?xml version="1.0" encoding="UTF-8"?>
<!-- Generated by org.testng.reporters.JUnitReportReporter -->
<testsuite hostname="DESKTOP-1B1BE1O" failures="0" tests="4" name="testScript.LoginTest" time="15.218" errors="0" timestamp="2025-08-27T11:20:09 IST" skipped="0">
  <testcase classname="testScript.LoginTest" name="validUsernameAndPassword" time="3.706"/>
  <testcase classname="testScript.LoginTest" name="validUsernameInvalidPassword" time="3.554"/>
  <testcase classname="testScript.LoginTest" name="invalidUsernameValidPassword" time="4.479"/>
  <testcase classname="testScript.LoginTest" name="invalidUsernameAnddPassword" time="3.479"/>
</testsuite> <!-- testScript.LoginTest -->
