<?xml version="1.0" encoding="UTF-8"?>
<!-- Generated by org.testng.reporters.JUnitReportReporter -->
<testsuite hostname="DESKTOP-1B1BE1O" failures="0" tests="1" name="testScript.ManageFooterTextTest" time="5.894" errors="0" timestamp="2025-09-08T16:12:04 IST" skipped="0">
  <testcase classname="testScript.ManageFooterTextTest" name="editFooterTextInManageFooterText" time="5.894"/>
</testsuite> <!-- testScript.ManageFooterTextTest -->
