<?xml version="1.0" encoding="UTF-8"?>
<!-- Generated by org.testng.reporters.JUnitReportReporter -->
<testsuite hostname="DESKTOP-1B1BE1O" failures="0" tests="4" name="testScript.LoginTest" time="23.443" errors="0" timestamp="2025-09-08T16:15:37 IST" skipped="0">
  <testcase classname="testScript.LoginTest" name="verificationOfLoginWithValidUsernameAndPasswordTest" time="7.654"/>
  <testcase classname="testScript.LoginTest" name="verificationOfLoginWithValidUsernameAndInvalidPasswordTest" time="6.027"/>
  <testcase classname="testScript.LoginTest" name="verificationOfLoginWithInvalidUsernameAndValidPasswordTest" time="5.097"/>
  <testcase classname="testScript.LoginTest" name="verificationOfLoginWithInvalidUsernameAnddPasswordTest" time="4.665"/>
</testsuite> <!-- testScript.LoginTest -->
