<?xml version="1.0" encoding="UTF-8"?>
<!-- Generated by org.testng.reporters.JUnitReportReporter -->
<testsuite hostname="DESKTOP-1B1BE1O" failures="0" tests="1" name="testScript.AdminUsersTest" time="8.837" errors="0" timestamp="2025-08-27T20:30:14 IST" skipped="0">
  <testcase classname="testScript.AdminUsersTest" name="addAdminTest" time="8.837"/>
</testsuite> <!-- testScript.AdminUsersTest -->
