<?xml version="1.0" encoding="UTF-8"?>
<!-- Generated by org.testng.reporters.JUnitReportReporter -->
<testsuite hostname="DESKTOP-1B1BE1O" failures="0" tests="4" name="testScript.LoginTest" time="16.958" errors="0" timestamp="2025-09-08T03:44:59 IST" skipped="0">
  <testcase classname="testScript.LoginTest" name="verificationOfLoginWithValidUsernameAndPassword" time="5.193"/>
  <testcase classname="testScript.LoginTest" name="verificationOfLoginWithValidUsernameAndInvalidPassword" time="4.684"/>
  <testcase classname="testScript.LoginTest" name="verificationOfLoginWithInvalidUsernameAndValidPassword" time="3.557"/>
  <testcase classname="testScript.LoginTest" name="verificationOfLoginWithInvalidUsernameAnddPassword" time="3.524"/>
</testsuite> <!-- testScript.LoginTest -->
