<?xml version="1.0" encoding="UTF-8"?>
<!-- Generated by org.testng.reporters.JUnitReportReporter -->
<testsuite hostname="DESKTOP-1B1BE1O" failures="0" tests="1" name="testScript.LoginTest" time="6.264" errors="0" timestamp="2025-08-27T19:11:47 IST" skipped="0">
  <testcase classname="testScript.LoginTest" name="invalidUsernameAnddPassword" time="6.264"/>
</testsuite> <!-- testScript.LoginTest -->
