<?xml version="1.0" encoding="UTF-8"?>
<!-- Generated by org.testng.reporters.JUnitReportReporter -->
<testsuite hostname="DESKTOP-1B1BE1O" failures="0" tests="1" name="testScript.ManageCategoryTest" time="13.976" errors="0" timestamp="2025-08-28T11:45:13 IST" skipped="0">
  <testcase classname="testScript.ManageCategoryTest" name="editImage" time="13.976"/>
</testsuite> <!-- testScript.ManageCategoryTest -->
