<?xml version="1.0" encoding="UTF-8"?>
<!-- Generated by org.testng.reporters.JUnitReportReporter -->
<testsuite hostname="DESKTOP-1B1BE1O" failures="0" tests="2" name="testScript.ManageCategoryTest" time="11.741" errors="0" timestamp="2025-09-08T03:44:59 IST" skipped="0">
  <testcase classname="testScript.ManageCategoryTest" name="editImage" time="6.032"/>
  <testcase classname="testScript.ManageCategoryTest" name="addNewCategory" time="5.709"/>
</testsuite> <!-- testScript.ManageCategoryTest -->
