<?xml version="1.0" encoding="UTF-8"?>
<!-- Generated by org.testng.reporters.JUnitReportReporter -->
<testsuite hostname="DESKTOP-1B1BE1O" failures="0" tests="1" name="testScript.LogoutTest" time="8.597" errors="0" timestamp="2025-08-28T00:12:37 IST" skipped="0">
  <testcase classname="testScript.LogoutTest" name="testLogout" time="8.597"/>
</testsuite> <!-- testScript.LogoutTest -->
