<?xml version="1.0" encoding="UTF-8"?>
<!-- Generated by org.testng.reporters.JUnitReportReporter -->
<testsuite hostname="DESKTOP-1B1BE1O" failures="0" tests="1" name="testScript.ManageNewsTest" time="8.834" errors="0" timestamp="2025-08-31T12:57:49 IST" skipped="0">
  <testcase classname="testScript.ManageNewsTest" name="editNewsTest" time="8.834"/>
</testsuite> <!-- testScript.ManageNewsTest -->
