<?xml version="1.0" encoding="UTF-8"?>
<!-- Generated by org.testng.reporters.JUnitReportReporter -->
<testsuite hostname="DESKTOP-1B1BE1O" failures="0" tests="1" name="testScript.ManageCategoryTest" time="7.558" errors="0" timestamp="2025-08-30T19:19:23 IST" skipped="0">
  <testcase classname="testScript.ManageCategoryTest" name="addNewCategory" time="7.558"/>
</testsuite> <!-- testScript.ManageCategoryTest -->
