<?xml version="1.0" encoding="UTF-8"?>
<!-- Generated by org.testng.reporters.JUnitReportReporter -->
<testsuite hostname="DESKTOP-1B1BE1O" failures="0" tests="2" name="testScript.ManageCategoryTest" time="14.592" errors="0" timestamp="2025-09-08T16:12:04 IST" skipped="0">
  <testcase classname="testScript.ManageCategoryTest" name="updateImageOfAnExistingCategoryInManageCategoryTest" time="5.758"/>
  <testcase classname="testScript.ManageCategoryTest" name="addNewCategoryInManageCategoryTest" time="8.834"/>
</testsuite> <!-- testScript.ManageCategoryTest -->
