<?xml version="1.0" encoding="UTF-8"?>
<!-- Generated by org.testng.reporters.JUnitReportReporter -->
<testsuite hostname="DESKTOP-1B1BE1O" failures="0" tests="2" name="testScript.ManageNewsTest" time="13.607" errors="0" timestamp="2025-09-08T12:49:22 IST" skipped="0">
  <testcase classname="testScript.ManageNewsTest" name="postNewsTest" time="7.865"/>
  <testcase classname="testScript.ManageNewsTest" name="editNewsTest" time="5.742"/>
</testsuite> <!-- testScript.ManageNewsTest -->
