<?xml version="1.0" encoding="UTF-8"?>
<!-- Generated by org.testng.reporters.JUnitReportReporter -->
<testsuite hostname="DESKTOP-1B1BE1O" failures="0" tests="1" name="testScript.AdminUsersTest" time="9.529" errors="0" timestamp="2025-08-28T08:10:48 IST" skipped="0">
  <testcase classname="testScript.AdminUsersTest" name="editAdminTest" time="9.529"/>
</testsuite> <!-- testScript.AdminUsersTest -->
