<?xml version="1.0" encoding="UTF-8"?>
<!-- Generated by org.testng.reporters.JUnitReportReporter -->
<testsuite hostname="DESKTOP-1B1BE1O" failures="0" tests="1" name="testScript.ManageContactTest" time="9.493" errors="0" timestamp="2025-09-07T19:54:23 IST" skipped="0">
  <testcase classname="testScript.ManageContactTest" name="updateContactInfo" time="9.493"/>
</testsuite> <!-- testScript.ManageContactTest -->
