<?xml version="1.0" encoding="UTF-8"?>
<!-- Generated by org.testng.reporters.JUnitReportReporter -->
<testsuite hostname="DESKTOP-1B1BE1O" failures="0" tests="4" name="testScript.ManageNewsTest" time="60.187" errors="0" timestamp="2025-08-29T19:17:48 IST" skipped="0">
  <testcase classname="testScript.ManageNewsTest" name="postNewsTest" time="16.543"/>
  <testcase classname="testScript.ManageNewsTest" name="postNewsTest" time="17.561"/>
  <testcase classname="testScript.ManageNewsTest" name="editNewsTest" time="14.243"/>
  <testcase classname="testScript.ManageNewsTest" name="editNewsTest" time="11.840"/>
</testsuite> <!-- testScript.ManageNewsTest -->
