<?xml version="1.0" encoding="UTF-8"?>
<!-- Generated by org.testng.reporters.JUnitReportReporter -->
<testsuite hostname="DESKTOP-1B1BE1O" failures="0" tests="4" name="testScript.LoginTest" time="17.395" errors="0" timestamp="2025-08-27T22:56:16 IST" skipped="0">
  <testcase classname="testScript.LoginTest" name="validUsernameAndPassword" time="5.102"/>
  <testcase classname="testScript.LoginTest" name="validUsernameInvalidPassword" time="3.748"/>
  <testcase classname="testScript.LoginTest" name="invalidUsernameValidPassword" time="3.575"/>
  <testcase classname="testScript.LoginTest" name="invalidUsernameAnddPassword" time="4.970"/>
</testsuite> <!-- testScript.LoginTest -->
