<?xml version="1.0" encoding="UTF-8"?>
<!-- Generated by org.testng.reporters.JUnitReportReporter -->
<testsuite hostname="DESKTOP-1B1BE1O" failures="0" tests="2" name="testScript.ManageNewsTest" time="10.516" errors="0" timestamp="2025-09-08T16:12:04 IST" skipped="0">
  <testcase classname="testScript.ManageNewsTest" name="postANewsInManageNewsTest" time="5.325"/>
  <testcase classname="testScript.ManageNewsTest" name="updateANewsInManageNewsTest" time="5.191"/>
</testsuite> <!-- testScript.ManageNewsTest -->
