<?xml version="1.0" encoding="UTF-8"?>
<!-- Generated by org.testng.reporters.JUnitReportReporter -->
<testsuite hostname="DESKTOP-1B1BE1O" failures="0" tests="2" name="testScript.ManageCategoryTest" time="15.610" errors="0" timestamp="2025-09-08T16:15:37 IST" skipped="0">
  <testcase classname="testScript.ManageCategoryTest" name="updateImageOfAnExistingCategoryInManageCategoryTest" time="7.822"/>
  <testcase classname="testScript.ManageCategoryTest" name="addNewCategoryInManageCategoryTest" time="7.788"/>
</testsuite> <!-- testScript.ManageCategoryTest -->
