<?xml version="1.0" encoding="UTF-8"?>
<!-- Generated by org.testng.reporters.JUnitReportReporter -->
<testsuite hostname="DESKTOP-1B1BE1O" failures="0" tests="1" name="testScript.LogoutTest" time="4.398" errors="0" timestamp="2025-09-08T12:46:39 IST" skipped="0">
  <testcase classname="testScript.LogoutTest" name="testLogout" time="4.398"/>
</testsuite> <!-- testScript.LogoutTest -->
