<?xml version="1.0" encoding="UTF-8"?>
<!-- Generated by org.testng.reporters.JUnitReportReporter -->
<testsuite hostname="DESKTOP-1B1BE1O" failures="0" tests="2" name="testScript.ManageNewsTest" time="11.855" errors="0" timestamp="2025-09-08T03:44:59 IST" skipped="0">
  <testcase classname="testScript.ManageNewsTest" name="postNewsTest" time="5.999"/>
  <testcase classname="testScript.ManageNewsTest" name="editNewsTest" time="5.856"/>
</testsuite> <!-- testScript.ManageNewsTest -->
