<?xml version="1.0" encoding="UTF-8"?>
<!-- Generated by org.testng.reporters.JUnitReportReporter -->
<testsuite hostname="DESKTOP-1B1BE1O" failures="0" tests="1" name="testScript.ManageFooterTextTest" time="8.017" errors="0" timestamp="2025-08-28T07:23:30 IST" skipped="0">
  <testcase classname="testScript.ManageFooterTextTest" name="editFooterText" time="8.017"/>
</testsuite> <!-- testScript.ManageFooterTextTest -->
